<?xml version="1.0" encoding="UTF-8"?>
<testng-results ignored="0" total="4" passed="4" failed="0" skipped="0">
  <reporter-output>
  </reporter-output>
  <suite started-at="2022-12-27T20:27:04 MST" name="Elements Tests" finished-at="2022-12-27T20:27:34 MST" duration-ms="30341">
    <groups>
      <group name="SmokeSuite">
        <method signature="ElementsTests.FindLaptops()[pri:0, instance:ElementsTests@6ee12bac]" name="FindLaptops" class="ElementsTests"/>
        <method signature="ElementsTests.FindMonitors()[pri:0, instance:ElementsTests@6ee12bac]" name="FindMonitors" class="ElementsTests"/>
        <method signature="ElementsTests.FindPhones()[pri:0, instance:ElementsTests@6ee12bac]" name="FindPhones" class="ElementsTests"/>
      </group> <!-- SmokeSuite -->
    </groups>
    <test started-at="2022-12-27T20:27:04 MST" name="/Users/ua0822/IdeaProjects" finished-at="2022-12-27T20:27:34 MST" duration-ms="30341">
      <class name="ElementsTests">
        <test-method is-config="true" signature="beforeMethod()[pri:0, instance:ElementsTests@6ee12bac]" started-at="2022-12-27T20:27:04 MST" name="beforeMethod" finished-at="2022-12-27T20:27:11 MST" duration-ms="6925" status="PASS">
          <reporter-output>
          </reporter-output>
        </test-method> <!-- beforeMethod -->
        <test-method signature="FindLaptops()[pri:0, instance:ElementsTests@6ee12bac]" started-at="2022-12-27T20:27:11 MST" name="FindLaptops" description="Testing if laptops label is there" finished-at="2022-12-27T20:27:12 MST" duration-ms="1298" status="PASS">
          <reporter-output>
          </reporter-output>
        </test-method> <!-- FindLaptops -->
        <test-method is-config="true" signature="tearDown()[pri:0, instance:ElementsTests@6ee12bac]" started-at="2022-12-27T20:27:12 MST" name="tearDown" finished-at="2022-12-27T20:27:12 MST" duration-ms="124" status="PASS">
          <reporter-output>
          </reporter-output>
        </test-method> <!-- tearDown -->
        <test-method is-config="true" signature="beforeMethod()[pri:0, instance:ElementsTests@6ee12bac]" started-at="2022-12-27T20:27:12 MST" name="beforeMethod" finished-at="2022-12-27T20:27:18 MST" duration-ms="6288" status="PASS">
          <reporter-output>
          </reporter-output>
        </test-method> <!-- beforeMethod -->
        <test-method signature="FindMonitors()[pri:0, instance:ElementsTests@6ee12bac]" started-at="2022-12-27T20:27:18 MST" name="FindMonitors" description="Testing if monitor label is there" finished-at="2022-12-27T20:27:19 MST" duration-ms="1025" status="PASS">
          <reporter-output>
          </reporter-output>
        </test-method> <!-- FindMonitors -->
        <test-method is-config="true" signature="tearDown()[pri:0, instance:ElementsTests@6ee12bac]" started-at="2022-12-27T20:27:19 MST" name="tearDown" finished-at="2022-12-27T20:27:20 MST" duration-ms="109" status="PASS">
          <reporter-output>
          </reporter-output>
        </test-method> <!-- tearDown -->
        <test-method is-config="true" signature="beforeMethod()[pri:0, instance:ElementsTests@6ee12bac]" started-at="2022-12-27T20:27:20 MST" name="beforeMethod" finished-at="2022-12-27T20:27:26 MST" duration-ms="6339" status="PASS">
          <reporter-output>
          </reporter-output>
        </test-method> <!-- beforeMethod -->
        <test-method signature="FindPhones()[pri:0, instance:ElementsTests@6ee12bac]" started-at="2022-12-27T20:27:26 MST" name="FindPhones" description="Testing if phones label is there" finished-at="2022-12-27T20:27:27 MST" duration-ms="1240" status="PASS">
          <reporter-output>
          </reporter-output>
        </test-method> <!-- FindPhones -->
        <test-method is-config="true" signature="tearDown()[pri:0, instance:ElementsTests@6ee12bac]" started-at="2022-12-27T20:27:27 MST" name="tearDown" finished-at="2022-12-27T20:27:27 MST" duration-ms="107" status="PASS">
          <reporter-output>
          </reporter-output>
        </test-method> <!-- tearDown -->
        <test-method is-config="true" signature="beforeMethod()[pri:0, instance:ElementsTests@6ee12bac]" started-at="2022-12-27T20:27:27 MST" name="beforeMethod" finished-at="2022-12-27T20:27:34 MST" duration-ms="6292" status="PASS">
          <reporter-output>
          </reporter-output>
        </test-method> <!-- beforeMethod -->
        <test-method signature="TestURLisCorrect()[pri:0, instance:ElementsTests@6ee12bac]" started-at="2022-12-27T20:27:34 MST" name="TestURLisCorrect" finished-at="2022-12-27T20:27:34 MST" duration-ms="465" status="PASS">
          <reporter-output>
          </reporter-output>
        </test-method> <!-- TestURLisCorrect -->
        <test-method is-config="true" signature="tearDown()[pri:0, instance:ElementsTests@6ee12bac]" started-at="2022-12-27T20:27:34 MST" name="tearDown" finished-at="2022-12-27T20:27:34 MST" duration-ms="107" status="PASS">
          <reporter-output>
          </reporter-output>
        </test-method> <!-- tearDown -->
      </class> <!-- ElementsTests -->
    </test> <!-- /Users/ua0822/IdeaProjects -->
  </suite> <!-- Elements Tests -->
</testng-results>
